Running: C:\Xilinx\14.7\ISE_DS\ISE\bin\nt\unwrapped\fuse.exe -intstyle ise -incremental -lib unisims_ver -lib unimacro_ver -lib xilinxcorelib_ver -lib secureip -o Y:/TEOCOA/EXPR3_DIGITAL/ALU_TEST_isim_beh.exe -prj Y:/TEOCOA/EXPR3_DIGITAL/ALU_TEST_beh.prj work.ALU_TEST work.glbl 
ISim P.20131013 (signature 0x8ef4fb42)
Number of CPUs detected in this system: 2
Turning on mult-threading, number of parallel sub-compilation jobs: 4 
Determining compilation order of HDL files
Analyzing Verilog file "Y:/TEOCOA/EXPR3_DIGITAL/MAIN.v" into library work
WARNING:HDLCompiler:568 - "Y:/TEOCOA/EXPR3_DIGITAL/MAIN.v" Line 154: Constant value is truncated to fit in <4> bits.
Analyzing Verilog file "Y:/TEOCOA/EXPR3_DIGITAL/ALU_TEST.v" into library work
Analyzing Verilog file "C:/Xilinx/14.7/ISE_DS/ISE//verilog/src/glbl.v" into library work
Starting static elaboration
Completed static elaboration
Fuse Memory Usage: 66820 KB
Fuse CPU Usage: 343 ms
Compiling module ALU
Compiling module ALU_TEST
Compiling module glbl
Time Resolution for simulation is 1ps.
Waiting for 1 sub-compilation(s) to finish...
Compiled 3 Verilog Units
Built simulation executable Y:/TEOCOA/EXPR3_DIGITAL/ALU_TEST_isim_beh.exe
Fuse Memory Usage: 71304 KB
Fuse CPU Usage: 452 ms
