Running: C:\Xilinx\14.7\ISE_DS\ISE\bin\nt\unwrapped\fuse.exe -intstyle ise -incremental -lib unisims_ver -lib unimacro_ver -lib xilinxcorelib_ver -lib secureip -o Y:/TEOCOA/EXPR4_ALU_REGISTERS/TEST_isim_beh.exe -prj Y:/TEOCOA/EXPR4_ALU_REGISTERS/TEST_beh.prj work.TEST work.glbl 
ISim P.20131013 (signature 0x8ef4fb42)
Number of CPUs detected in this system: 2
Turning on mult-threading, number of parallel sub-compilation jobs: 4 
Determining compilation order of HDL files
Analyzing Verilog file "Y:/TEOCOA/EXPR4_ALU_REGISTERS/MAIN.v" into library work
Analyzing Verilog file "Y:/TEOCOA/EXPR4_ALU_REGISTERS/TEST.v" into library work
Analyzing Verilog file "C:/Xilinx/14.7/ISE_DS/ISE//verilog/src/glbl.v" into library work
Starting static elaboration
Completed static elaboration
Fuse Memory Usage: 65796 KB
Fuse CPU Usage: 311 ms
Compiling module register
Compiling module ALU
Compiling module MAIN
Compiling module TEST
Compiling module glbl
Time Resolution for simulation is 1ps.
Compiled 5 Verilog Units
Built simulation executable Y:/TEOCOA/EXPR4_ALU_REGISTERS/TEST_isim_beh.exe
Fuse Memory Usage: 71304 KB
Fuse CPU Usage: 327 ms
